{"level":"fatal","message":"Testing fatal","timestamp":"2024-06-18T21:46:44.926Z"}
{"level":"error","message":"Testing error","timestamp":"2024-06-18T21:46:44.928Z"}
{"level":"fatal","message":"Testing fatal","timestamp":"2024-06-18T21:46:57.694Z"}
{"level":"error","message":"Testing error","timestamp":"2024-06-18T21:46:57.696Z"}
{"level":"error","message":"Testing error","timestamp":"2024-07-18T22:04:27.963Z"}
{"level":"warning","message":"Testing warning","timestamp":"2024-07-18T22:04:27.964Z"}
{"level":"info","message":"Testing info","timestamp":"2024-07-18T22:04:27.966Z"}
{"level":"http","message":"Testing http","timestamp":"2024-07-18T22:04:27.966Z"}
{"level":"debug","message":"Testing debug","timestamp":"2024-07-18T22:04:27.967Z"}
{"level":"error","message":"Testing error","timestamp":"2024-07-18T22:08:08.667Z"}
{"level":"warning","message":"Testing warning","timestamp":"2024-07-18T22:08:08.690Z"}
{"level":"info","message":"Testing info","timestamp":"2024-07-18T22:08:08.692Z"}
{"level":"http","message":"Testing http","timestamp":"2024-07-18T22:08:08.692Z"}
{"level":"debug","message":"Testing debug","timestamp":"2024-07-18T22:08:08.693Z"}
{"level":"error","message":"Testing error","timestamp":"2024-07-18T22:13:35.534Z"}
{"level":"warning","message":"Testing warning","timestamp":"2024-07-18T22:13:35.534Z"}
{"level":"info","message":"Testing info","timestamp":"2024-07-18T22:13:35.536Z"}
{"level":"http","message":"Testing http","timestamp":"2024-07-18T22:13:35.537Z"}
{"level":"debug","message":"Testing debug","timestamp":"2024-07-18T22:13:35.537Z"}
{"level":"debug","message":"Testing debug","timestamp":"2024-07-18T22:35:18.682Z"}
